  AboutDialog.cpp
  Hyperlinks.cpp
  Main.cpp
C:\Program Files (x86)\Emulatori\Sony\PSVita\Games\PSP\Wagic\NppWagicSyntaxPlugin\src\Main.cpp(423,25): warning C4244: 'inizializzazione': conversione da 'LRESULT' a 'int'. Possibile perdita di dati.
C:\Program Files (x86)\Emulatori\Sony\PSVita\Games\PSP\Wagic\NppWagicSyntaxPlugin\src\Main.cpp(424,21): warning C4244: 'inizializzazione': conversione da 'LRESULT' a 'int'. Possibile perdita di dati.
C:\Program Files (x86)\Emulatori\Sony\PSVita\Games\PSP\Wagic\NppWagicSyntaxPlugin\src\Main.cpp(425,27): warning C4244: 'inizializzazione': conversione da 'LRESULT' a 'int'. Possibile perdita di dati.
C:\Program Files (x86)\Emulatori\Sony\PSVita\Games\PSP\Wagic\NppWagicSyntaxPlugin\src\Main.cpp(426,25): warning C4244: 'inizializzazione': conversione da 'LRESULT' a 'int'. Possibile perdita di dati.
C:\Program Files (x86)\Emulatori\Sony\PSVita\Games\PSP\Wagic\NppWagicSyntaxPlugin\src\Main.cpp(427,27): warning C4244: 'inizializzazione': conversione da 'LRESULT' a 'int'. Possibile perdita di dati.
C:\Program Files (x86)\Emulatori\Sony\PSVita\Games\PSP\Wagic\NppWagicSyntaxPlugin\src\Main.cpp(428,25): warning C4244: 'inizializzazione': conversione da 'LRESULT' a 'int'. Possibile perdita di dati.
C:\Program Files (x86)\Emulatori\Sony\PSVita\Games\PSP\Wagic\NppWagicSyntaxPlugin\src\Main.cpp(440,50): warning C4267: 'inizializzazione': conversione da 'size_t' a 'int'. Possibile perdita di dati.
C:\Program Files (x86)\Emulatori\Sony\PSVita\Games\PSP\Wagic\NppWagicSyntaxPlugin\src\Main.cpp(442,39): warning C4267: '=': conversione da 'size_t' a 'int'. Possibile perdita di dati.
C:\Program Files (x86)\Emulatori\Sony\PSVita\Games\PSP\Wagic\NppWagicSyntaxPlugin\src\Main.cpp(497,73): warning C4267: 'argomento': conversione da 'size_t' a 'int'. Possibile perdita di dati.
C:\Program Files (x86)\Emulatori\Sony\PSVita\Games\PSP\Wagic\NppWagicSyntaxPlugin\src\Main.cpp(500,73): warning C4267: 'argomento': conversione da 'size_t' a 'int'. Possibile perdita di dati.
C:\Program Files (x86)\Emulatori\Sony\PSVita\Games\PSP\Wagic\NppWagicSyntaxPlugin\src\Main.cpp(554,33): warning C4244: 'inizializzazione': conversione da 'LRESULT' a 'int'. Possibile perdita di dati.
C:\Program Files (x86)\Emulatori\Sony\PSVita\Games\PSP\Wagic\NppWagicSyntaxPlugin\src\Main.cpp(555,29): warning C4244: 'inizializzazione': conversione da 'LRESULT' a 'int'. Possibile perdita di dati.
C:\Program Files (x86)\Emulatori\Sony\PSVita\Games\PSP\Wagic\NppWagicSyntaxPlugin\src\Main.cpp(622,50): warning C4267: 'inizializzazione': conversione da 'size_t' a 'int'. Possibile perdita di dati.
C:\Program Files (x86)\Emulatori\Sony\PSVita\Games\PSP\Wagic\NppWagicSyntaxPlugin\src\Main.cpp(624,49): warning C4267: '=': conversione da 'size_t' a 'int'. Possibile perdita di dati.
C:\Program Files (x86)\Emulatori\Sony\PSVita\Games\PSP\Wagic\NppWagicSyntaxPlugin\src\Main.cpp(637,31): warning C4267: 'inizializzazione': conversione da 'size_t' a 'int'. Possibile perdita di dati.
C:\Program Files (x86)\Emulatori\Sony\PSVita\Games\PSP\Wagic\NppWagicSyntaxPlugin\src\Main.cpp(664,29): warning C4267: 'inizializzazione': conversione da 'size_t' a 'int'. Possibile perdita di dati.
C:\Program Files (x86)\Emulatori\Sony\PSVita\Games\PSP\Wagic\NppWagicSyntaxPlugin\src\Main.cpp(669,50): warning C4267: '=': conversione da 'size_t' a 'int'. Possibile perdita di dati.
C:\Program Files (x86)\Emulatori\Sony\PSVita\Games\PSP\Wagic\NppWagicSyntaxPlugin\src\Main.cpp(749,55): warning C4267: 'inizializzazione': conversione da 'size_t' a 'int'. Possibile perdita di dati.
C:\Program Files (x86)\Emulatori\Sony\PSVita\Games\PSP\Wagic\NppWagicSyntaxPlugin\src\Main.cpp(752,57): warning C4267: '=': conversione da 'size_t' a 'int'. Possibile perdita di dati.
C:\Program Files (x86)\Emulatori\Sony\PSVita\Games\PSP\Wagic\NppWagicSyntaxPlugin\src\Main.cpp(756,56): warning C4267: '=': conversione da 'size_t' a 'int'. Possibile perdita di dati.
C:\Program Files (x86)\Emulatori\Sony\PSVita\Games\PSP\Wagic\NppWagicSyntaxPlugin\src\Main.cpp(760,58): warning C4267: '=': conversione da 'size_t' a 'int'. Possibile perdita di dati.
C:\Program Files (x86)\Emulatori\Sony\PSVita\Games\PSP\Wagic\NppWagicSyntaxPlugin\src\Main.cpp(764,54): warning C4267: '=': conversione da 'size_t' a 'int'. Possibile perdita di dati.
C:\Program Files (x86)\Emulatori\Sony\PSVita\Games\PSP\Wagic\NppWagicSyntaxPlugin\src\Main.cpp(768,55): warning C4267: '=': conversione da 'size_t' a 'int'. Possibile perdita di dati.
C:\Program Files (x86)\Emulatori\Sony\PSVita\Games\PSP\Wagic\NppWagicSyntaxPlugin\src\Main.cpp(772,58): warning C4267: '=': conversione da 'size_t' a 'int'. Possibile perdita di dati.
C:\Program Files (x86)\Emulatori\Sony\PSVita\Games\PSP\Wagic\NppWagicSyntaxPlugin\src\Main.cpp(776,58): warning C4267: '=': conversione da 'size_t' a 'int'. Possibile perdita di dati.
C:\Program Files (x86)\Emulatori\Sony\PSVita\Games\PSP\Wagic\NppWagicSyntaxPlugin\src\Main.cpp(832,55): warning C4267: 'inizializzazione': conversione da 'size_t' a 'int'. Possibile perdita di dati.
C:\Program Files (x86)\Emulatori\Sony\PSVita\Games\PSP\Wagic\NppWagicSyntaxPlugin\src\Main.cpp(845,63): warning C4267: 'inizializzazione': conversione da 'size_t' a 'int'. Possibile perdita di dati.
C:\Program Files (x86)\Emulatori\Sony\PSVita\Games\PSP\Wagic\NppWagicSyntaxPlugin\src\Main.cpp(848,64): warning C4267: '=': conversione da 'size_t' a 'int'. Possibile perdita di dati.
C:\Program Files (x86)\Emulatori\Sony\PSVita\Games\PSP\Wagic\NppWagicSyntaxPlugin\src\Main.cpp(852,64): warning C4267: '=': conversione da 'size_t' a 'int'. Possibile perdita di dati.
C:\Program Files (x86)\Emulatori\Sony\PSVita\Games\PSP\Wagic\NppWagicSyntaxPlugin\src\Main.cpp(856,65): warning C4267: '=': conversione da 'size_t' a 'int'. Possibile perdita di dati.
C:\Program Files (x86)\Emulatori\Sony\PSVita\Games\PSP\Wagic\NppWagicSyntaxPlugin\src\Main.cpp(860,67): warning C4267: '=': conversione da 'size_t' a 'int'. Possibile perdita di dati.
C:\Program Files (x86)\Emulatori\Sony\PSVita\Games\PSP\Wagic\NppWagicSyntaxPlugin\src\Main.cpp(864,63): warning C4267: '=': conversione da 'size_t' a 'int'. Possibile perdita di dati.
C:\Program Files (x86)\Emulatori\Sony\PSVita\Games\PSP\Wagic\NppWagicSyntaxPlugin\src\Main.cpp(868,65): warning C4267: '=': conversione da 'size_t' a 'int'. Possibile perdita di dati.
C:\Program Files (x86)\Emulatori\Sony\PSVita\Games\PSP\Wagic\NppWagicSyntaxPlugin\src\Main.cpp(872,62): warning C4267: '=': conversione da 'size_t' a 'int'. Possibile perdita di dati.
C:\Program Files (x86)\Emulatori\Sony\PSVita\Games\PSP\Wagic\NppWagicSyntaxPlugin\src\Main.cpp(876,65): warning C4267: '=': conversione da 'size_t' a 'int'. Possibile perdita di dati.
C:\Program Files (x86)\Emulatori\Sony\PSVita\Games\PSP\Wagic\NppWagicSyntaxPlugin\src\Main.cpp(880,65): warning C4267: '=': conversione da 'size_t' a 'int'. Possibile perdita di dati.
C:\Program Files (x86)\Emulatori\Sony\PSVita\Games\PSP\Wagic\NppWagicSyntaxPlugin\src\Main.cpp(932,55): warning C4267: 'inizializzazione': conversione da 'size_t' a 'int'. Possibile perdita di dati.
C:\Program Files (x86)\Emulatori\Sony\PSVita\Games\PSP\Wagic\NppWagicSyntaxPlugin\src\Main.cpp(935,58): warning C4267: '=': conversione da 'size_t' a 'int'. Possibile perdita di dati.
C:\Program Files (x86)\Emulatori\Sony\PSVita\Games\PSP\Wagic\NppWagicSyntaxPlugin\src\Main.cpp(939,58): warning C4267: '=': conversione da 'size_t' a 'int'. Possibile perdita di dati.
C:\Program Files (x86)\Emulatori\Sony\PSVita\Games\PSP\Wagic\NppWagicSyntaxPlugin\src\Main.cpp(943,58): warning C4267: '=': conversione da 'size_t' a 'int'. Possibile perdita di dati.
C:\Program Files (x86)\Emulatori\Sony\PSVita\Games\PSP\Wagic\NppWagicSyntaxPlugin\src\Main.cpp(947,58): warning C4267: '=': conversione da 'size_t' a 'int'. Possibile perdita di dati.
C:\Program Files (x86)\Emulatori\Sony\PSVita\Games\PSP\Wagic\NppWagicSyntaxPlugin\src\Main.cpp(951,58): warning C4267: '=': conversione da 'size_t' a 'int'. Possibile perdita di dati.
C:\Program Files (x86)\Emulatori\Sony\PSVita\Games\PSP\Wagic\NppWagicSyntaxPlugin\src\Main.cpp(955,58): warning C4267: '=': conversione da 'size_t' a 'int'. Possibile perdita di dati.
C:\Program Files (x86)\Emulatori\Sony\PSVita\Games\PSP\Wagic\NppWagicSyntaxPlugin\src\Main.cpp(959,58): warning C4267: '=': conversione da 'size_t' a 'int'. Possibile perdita di dati.
C:\Program Files (x86)\Emulatori\Sony\PSVita\Games\PSP\Wagic\NppWagicSyntaxPlugin\src\Main.cpp(963,66): warning C4267: '=': conversione da 'size_t' a 'int'. Possibile perdita di dati.
C:\Program Files (x86)\Emulatori\Sony\PSVita\Games\PSP\Wagic\NppWagicSyntaxPlugin\src\Main.cpp(967,62): warning C4267: '=': conversione da 'size_t' a 'int'. Possibile perdita di dati.
C:\Program Files (x86)\Emulatori\Sony\PSVita\Games\PSP\Wagic\NppWagicSyntaxPlugin\src\Main.cpp(987,59): warning C4267: 'inizializzazione': conversione da 'size_t' a 'int'. Possibile perdita di dati.
C:\Program Files (x86)\Emulatori\Sony\PSVita\Games\PSP\Wagic\NppWagicSyntaxPlugin\src\Main.cpp(990,66): warning C4267: '=': conversione da 'size_t' a 'int'. Possibile perdita di dati.
C:\Program Files (x86)\Emulatori\Sony\PSVita\Games\PSP\Wagic\NppWagicSyntaxPlugin\src\Main.cpp(994,62): warning C4267: '=': conversione da 'size_t' a 'int'. Possibile perdita di dati.
C:\Program Files (x86)\Emulatori\Sony\PSVita\Games\PSP\Wagic\NppWagicSyntaxPlugin\src\Main.cpp(1008,63): warning C4267: 'inizializzazione': conversione da 'size_t' a 'int'. Possibile perdita di dati.
C:\Program Files (x86)\Emulatori\Sony\PSVita\Games\PSP\Wagic\NppWagicSyntaxPlugin\src\Main.cpp(1011,64): warning C4267: '=': conversione da 'size_t' a 'int'. Possibile perdita di dati.
C:\Program Files (x86)\Emulatori\Sony\PSVita\Games\PSP\Wagic\NppWagicSyntaxPlugin\src\Main.cpp(1015,63): warning C4267: '=': conversione da 'size_t' a 'int'. Possibile perdita di dati.
C:\Program Files (x86)\Emulatori\Sony\PSVita\Games\PSP\Wagic\NppWagicSyntaxPlugin\src\Main.cpp(1040,53): warning C4267: 'inizializzazione': conversione da 'size_t' a 'int'. Possibile perdita di dati.
C:\Program Files (x86)\Emulatori\Sony\PSVita\Games\PSP\Wagic\NppWagicSyntaxPlugin\src\Main.cpp(1041,54): warning C4267: 'inizializzazione': conversione da 'size_t' a 'int'. Possibile perdita di dati.
C:\Program Files (x86)\Emulatori\Sony\PSVita\Games\PSP\Wagic\NppWagicSyntaxPlugin\src\Main.cpp(1043,47): warning C4267: '=': conversione da 'size_t' a 'int'. Possibile perdita di dati.
C:\Program Files (x86)\Emulatori\Sony\PSVita\Games\PSP\Wagic\NppWagicSyntaxPlugin\src\Main.cpp(1092,67): warning C4267: 'inizializzazione': conversione da 'size_t' a 'int'. Possibile perdita di dati.
C:\Program Files (x86)\Emulatori\Sony\PSVita\Games\PSP\Wagic\NppWagicSyntaxPlugin\src\Main.cpp(1095,68): warning C4267: '=': conversione da 'size_t' a 'int'. Possibile perdita di dati.
C:\Program Files (x86)\Emulatori\Sony\PSVita\Games\PSP\Wagic\NppWagicSyntaxPlugin\src\Main.cpp(1105,70): warning C4267: 'inizializzazione': conversione da 'size_t' a 'int'. Possibile perdita di dati.
C:\Program Files (x86)\Emulatori\Sony\PSVita\Games\PSP\Wagic\NppWagicSyntaxPlugin\src\Main.cpp(1113,81): warning C4267: '=': conversione da 'size_t' a 'int'. Possibile perdita di dati.
C:\Program Files (x86)\Emulatori\Sony\PSVita\Games\PSP\Wagic\NppWagicSyntaxPlugin\src\Main.cpp(1122,77): warning C4267: '=': conversione da 'size_t' a 'int'. Possibile perdita di dati.
C:\Program Files (x86)\Emulatori\Sony\PSVita\Games\PSP\Wagic\NppWagicSyntaxPlugin\src\Main.cpp(1131,74): warning C4267: '=': conversione da 'size_t' a 'int'. Possibile perdita di dati.
C:\Program Files (x86)\Emulatori\Sony\PSVita\Games\PSP\Wagic\NppWagicSyntaxPlugin\src\Main.cpp(1148,85): warning C4267: '=': conversione da 'size_t' a 'int'. Possibile perdita di dati.
C:\Program Files (x86)\Emulatori\Sony\PSVita\Games\PSP\Wagic\NppWagicSyntaxPlugin\src\Main.cpp(1165,85): warning C4267: '=': conversione da 'size_t' a 'int'. Possibile perdita di dati.
C:\Program Files (x86)\Emulatori\Sony\PSVita\Games\PSP\Wagic\NppWagicSyntaxPlugin\src\Main.cpp(1182,82): warning C4267: '=': conversione da 'size_t' a 'int'. Possibile perdita di dati.
C:\Program Files (x86)\Emulatori\Sony\PSVita\Games\PSP\Wagic\NppWagicSyntaxPlugin\src\Main.cpp(1212,74): warning C4267: '=': conversione da 'size_t' a 'int'. Possibile perdita di dati.
C:\Program Files (x86)\Emulatori\Sony\PSVita\Games\PSP\Wagic\NppWagicSyntaxPlugin\src\Main.cpp(1272,53): warning C4267: 'inizializzazione': conversione da 'size_t' a 'int'. Possibile perdita di dati.
C:\Program Files (x86)\Emulatori\Sony\PSVita\Games\PSP\Wagic\NppWagicSyntaxPlugin\src\Main.cpp(1273,54): warning C4267: 'inizializzazione': conversione da 'size_t' a 'int'. Possibile perdita di dati.
C:\Program Files (x86)\Emulatori\Sony\PSVita\Games\PSP\Wagic\NppWagicSyntaxPlugin\src\Main.cpp(1276,54): warning C4267: '=': conversione da 'size_t' a 'int'. Possibile perdita di dati.
C:\Program Files (x86)\Emulatori\Sony\PSVita\Games\PSP\Wagic\NppWagicSyntaxPlugin\src\Main.cpp(1277,55): warning C4267: '=': conversione da 'size_t' a 'int'. Possibile perdita di dati.
C:\Program Files (x86)\Emulatori\Sony\PSVita\Games\PSP\Wagic\NppWagicSyntaxPlugin\src\Main.cpp(1281,47): warning C4267: '=': conversione da 'size_t' a 'int'. Possibile perdita di dati.
C:\Program Files (x86)\Emulatori\Sony\PSVita\Games\PSP\Wagic\NppWagicSyntaxPlugin\src\Main.cpp(1290,63): warning C4267: 'inizializzazione': conversione da 'size_t' a 'int'. Possibile perdita di dati.
C:\Program Files (x86)\Emulatori\Sony\PSVita\Games\PSP\Wagic\NppWagicSyntaxPlugin\src\Main.cpp(1299,66): warning C4267: 'inizializzazione': conversione da 'size_t' a 'int'. Possibile perdita di dati.
C:\Program Files (x86)\Emulatori\Sony\PSVita\Games\PSP\Wagic\NppWagicSyntaxPlugin\src\Main.cpp(1307,70): warning C4267: '=': conversione da 'size_t' a 'int'. Possibile perdita di dati.
C:\Program Files (x86)\Emulatori\Sony\PSVita\Games\PSP\Wagic\NppWagicSyntaxPlugin\src\Main.cpp(1325,66): warning C4267: '=': conversione da 'size_t' a 'int'. Possibile perdita di dati.
C:\Program Files (x86)\Emulatori\Sony\PSVita\Games\PSP\Wagic\NppWagicSyntaxPlugin\src\Main.cpp(1392,70): warning C4267: 'inizializzazione': conversione da 'size_t' a 'int'. Possibile perdita di dati.
C:\Program Files (x86)\Emulatori\Sony\PSVita\Games\PSP\Wagic\NppWagicSyntaxPlugin\src\Main.cpp(1400,81): warning C4267: '=': conversione da 'size_t' a 'int'. Possibile perdita di dati.
C:\Program Files (x86)\Emulatori\Sony\PSVita\Games\PSP\Wagic\NppWagicSyntaxPlugin\src\Main.cpp(1409,77): warning C4267: '=': conversione da 'size_t' a 'int'. Possibile perdita di dati.
C:\Program Files (x86)\Emulatori\Sony\PSVita\Games\PSP\Wagic\NppWagicSyntaxPlugin\src\Main.cpp(1418,74): warning C4267: '=': conversione da 'size_t' a 'int'. Possibile perdita di dati.
C:\Program Files (x86)\Emulatori\Sony\PSVita\Games\PSP\Wagic\NppWagicSyntaxPlugin\src\Main.cpp(1435,85): warning C4267: '=': conversione da 'size_t' a 'int'. Possibile perdita di dati.
C:\Program Files (x86)\Emulatori\Sony\PSVita\Games\PSP\Wagic\NppWagicSyntaxPlugin\src\Main.cpp(1452,85): warning C4267: '=': conversione da 'size_t' a 'int'. Possibile perdita di dati.
C:\Program Files (x86)\Emulatori\Sony\PSVita\Games\PSP\Wagic\NppWagicSyntaxPlugin\src\Main.cpp(1556,70): warning C4267: '=': conversione da 'size_t' a 'int'. Possibile perdita di dati.
C:\Program Files (x86)\Emulatori\Sony\PSVita\Games\PSP\Wagic\NppWagicSyntaxPlugin\src\Main.cpp(1558,61): warning C4267: 'inizializzazione': conversione da 'size_t' a 'int'. Possibile perdita di dati.
C:\Program Files (x86)\Emulatori\Sony\PSVita\Games\PSP\Wagic\NppWagicSyntaxPlugin\src\Main.cpp(1564,50): warning C4267: '+=': conversione da 'size_t' a 'int'. Possibile perdita di dati.
C:\Program Files (x86)\Emulatori\Sony\PSVita\Games\PSP\Wagic\NppWagicSyntaxPlugin\src\Main.cpp(1574,68): warning C4267: '=': conversione da 'size_t' a 'int'. Possibile perdita di dati.
C:\Program Files (x86)\Emulatori\Sony\PSVita\Games\PSP\Wagic\NppWagicSyntaxPlugin\src\Main.cpp(1576,59): warning C4267: 'inizializzazione': conversione da 'size_t' a 'int'. Possibile perdita di dati.
C:\Program Files (x86)\Emulatori\Sony\PSVita\Games\PSP\Wagic\NppWagicSyntaxPlugin\src\Main.cpp(1582,48): warning C4267: '+=': conversione da 'size_t' a 'int'. Possibile perdita di dati.
C:\Program Files (x86)\Emulatori\Sony\PSVita\Games\PSP\Wagic\NppWagicSyntaxPlugin\src\Main.cpp(1597,71): warning C4267: 'inizializzazione': conversione da 'size_t' a 'int'. Possibile perdita di dati.
C:\Program Files (x86)\Emulatori\Sony\PSVita\Games\PSP\Wagic\NppWagicSyntaxPlugin\src\Main.cpp(1654,86): warning C4267: 'inizializzazione': conversione da 'size_t' a 'int'. Possibile perdita di dati.
  Generazione del codice in corso...
     Creazione della libreria C:\Program Files (x86)\Emulatori\Sony\PSVita\Games\PSP\Wagic\NppWagicSyntaxPlugin\bin\Debug_x64\WagicSyntaxPlugin.lib e dell'oggetto C:\Program Files (x86)\Emulatori\Sony\PSVita\Games\PSP\Wagic\NppWagicSyntaxPlugin\bin\Debug_x64\WagicSyntaxPlugin.exp
  WagicSyntaxPlugin.vcxproj -> C:\Program Files (x86)\Emulatori\Sony\PSVita\Games\PSP\Wagic\NppWagicSyntaxPlugin\bin\Debug_x64\WagicSyntaxPlugin.dll
  Sottodirectory o file C:\Program Files\Notepad++\plugins\WagicSyntaxPlugin già esistente.
          1 file copiati.
