c:\program files (x86)\emulatori\sony\psvita\games\psp\wagic\nppwagicsyntaxplugin\bin\debug_x64\build\vc142.pdb
c:\program files (x86)\emulatori\sony\psvita\games\psp\wagic\nppwagicsyntaxplugin\bin\debug_x64\build\main.obj
c:\program files (x86)\emulatori\sony\psvita\games\psp\wagic\nppwagicsyntaxplugin\bin\debug_x64\build\hyperlinks.obj
c:\program files (x86)\emulatori\sony\psvita\games\psp\wagic\nppwagicsyntaxplugin\bin\debug_x64\build\aboutdialog.obj
c:\program files (x86)\emulatori\sony\psvita\games\psp\wagic\nppwagicsyntaxplugin\bin\debug_x64\wagicsyntaxplugin.dll
c:\program files (x86)\emulatori\sony\psvita\games\psp\wagic\nppwagicsyntaxplugin\bin\debug_x64\build\wagicsyntaxplugin.ilk
c:\program files (x86)\emulatori\sony\psvita\games\psp\wagic\nppwagicsyntaxplugin\bin\debug_x64\wagicsyntaxplugin.pdb
c:\program files (x86)\emulatori\sony\psvita\games\psp\wagic\nppwagicsyntaxplugin\bin\debug_x64\build\resource.res
c:\program files (x86)\emulatori\sony\psvita\games\psp\wagic\nppwagicsyntaxplugin\bin\debug_x64\build\version.res
c:\program files (x86)\emulatori\sony\psvita\games\psp\wagic\nppwagicsyntaxplugin\bin\debug_x64\wagicsyntaxplugin.lib
c:\program files (x86)\emulatori\sony\psvita\games\psp\wagic\nppwagicsyntaxplugin\bin\debug_x64\wagicsyntaxplugin.exp
c:\program files (x86)\emulatori\sony\psvita\games\psp\wagic\nppwagicsyntaxplugin\bin\debug_x64\build\wagicsyn.1590d7cd.tlog\cl.command.1.tlog
c:\program files (x86)\emulatori\sony\psvita\games\psp\wagic\nppwagicsyntaxplugin\bin\debug_x64\build\wagicsyn.1590d7cd.tlog\cl.read.1.tlog
c:\program files (x86)\emulatori\sony\psvita\games\psp\wagic\nppwagicsyntaxplugin\bin\debug_x64\build\wagicsyn.1590d7cd.tlog\cl.write.1.tlog
c:\program files (x86)\emulatori\sony\psvita\games\psp\wagic\nppwagicsyntaxplugin\bin\debug_x64\build\wagicsyn.1590d7cd.tlog\link.command.1.tlog
c:\program files (x86)\emulatori\sony\psvita\games\psp\wagic\nppwagicsyntaxplugin\bin\debug_x64\build\wagicsyn.1590d7cd.tlog\link.read.1.tlog
c:\program files (x86)\emulatori\sony\psvita\games\psp\wagic\nppwagicsyntaxplugin\bin\debug_x64\build\wagicsyn.1590d7cd.tlog\link.write.1.tlog
c:\program files (x86)\emulatori\sony\psvita\games\psp\wagic\nppwagicsyntaxplugin\bin\debug_x64\build\wagicsyn.1590d7cd.tlog\rc.command.1.tlog
c:\program files (x86)\emulatori\sony\psvita\games\psp\wagic\nppwagicsyntaxplugin\bin\debug_x64\build\wagicsyn.1590d7cd.tlog\rc.read.1.tlog
c:\program files (x86)\emulatori\sony\psvita\games\psp\wagic\nppwagicsyntaxplugin\bin\debug_x64\build\wagicsyn.1590d7cd.tlog\rc.write.1.tlog
c:\program files (x86)\emulatori\sony\psvita\games\psp\wagic\nppwagicsyntaxplugin\bin\debug_x64\build\wagicsyn.1590d7cd.tlog\wagicsyntaxplugin.write.1u.tlog
